<?xml version="1.0" encoding="UTF-8"?>
<!-- Generated by org.testng.reporters.JUnitReportReporter -->
<testsuite name="com.kayak.testpages.LoginWithGoogleTest" tests="1" time="7.493" ignored="0" failures="0" timestamp="16 Feb 2017 09:10:19 GMT" skipped="0" hostname="Divya-Gupta" errors="0">
  <testcase name="testfacebookLogin" time="7.493" classname="com.kayak.testpages.LoginWithGoogleTest"/>
</testsuite> <!-- com.kayak.testpages.LoginWithGoogleTest -->
