<?xml version="1.0" encoding="UTF-8"?>
<!-- Generated by org.testng.reporters.JUnitReportReporter -->
<testsuite name="com.kayak.testpages.LoginTest" tests="1" time="8.204" ignored="0" failures="0" timestamp="16 Feb 2017 23:30:53 GMT" skipped="0" hostname="Divya-Gupta" errors="0">
  <testcase name="testLogin" time="8.204" classname="com.kayak.testpages.LoginTest"/>
</testsuite> <!-- com.kayak.testpages.LoginTest -->
