<?xml version="1.0" encoding="UTF-8"?>
<!-- Generated by org.testng.reporters.JUnitReportReporter -->
<testsuite name="com.kayak.testpages.LoginPageTest" tests="5" time="3.638" ignored="0" failures="0" timestamp="24 Feb 2017 07:04:51 GMT" skipped="0" hostname="Divya-Gupta" errors="0">
  <testcase name="testKayakLogin" time="0.861" classname="com.kayak.testpages.LoginPageTest"/>
  <testcase name="testKayakLogin" time="0.681" classname="com.kayak.testpages.LoginPageTest"/>
  <testcase name="testKayakLogin" time="1.462" classname="com.kayak.testpages.LoginPageTest"/>
  <testcase name="testfbORgooglelogin" time="0.003" classname="com.kayak.testpages.LoginPageTest"/>
  <testcase name="testKayakLogin" time="0.631" classname="com.kayak.testpages.LoginPageTest"/>
</testsuite> <!-- com.kayak.testpages.LoginPageTest -->
