<?xml version="1.0" encoding="UTF-8"?>
<!-- Generated by org.testng.reporters.JUnitReportReporter -->
<testsuite name="com.kayak.testpages.HomePageTest" tests="6" time="3.109" ignored="0" failures="0" timestamp="24 Feb 2017 07:04:51 GMT" skipped="0" hostname="Divya-Gupta" errors="0">
  <testcase name="testsearchbutton" time="1.190" classname="com.kayak.testpages.HomePageTest"/>
  <testcase name="testCheckIn" time="0.833" classname="com.kayak.testpages.HomePageTest"/>
  <testcase name="testWhere" time="0.119" classname="com.kayak.testpages.HomePageTest"/>
  <testcase name="testCheckOut" time="0.372" classname="com.kayak.testpages.HomePageTest"/>
  <testcase name="testHomePageLogo" time="0.146" classname="com.kayak.testpages.HomePageTest"/>
  <testcase name="testcheckRoomGuest" time="0.449" classname="com.kayak.testpages.HomePageTest"/>
</testsuite> <!-- com.kayak.testpages.HomePageTest -->
