<?xml version="1.0" encoding="UTF-8"?>
<!-- Generated by org.testng.reporters.JUnitReportReporter -->
<testsuite name="com.kayak.testpages.CarsPageTest" tests="7" time="2.259" ignored="0" failures="0" timestamp="24 Feb 2017 07:04:51 GMT" skipped="0" hostname="Divya-Gupta" errors="0">
  <testcase name="testdropOffTime" time="0.379" classname="com.kayak.testpages.CarsPageTest"/>
  <testcase name="testcarPageLogo" time="0.141" classname="com.kayak.testpages.CarsPageTest"/>
  <testcase name="testdropOff" time="0.563" classname="com.kayak.testpages.CarsPageTest"/>
  <testcase name="testsearchbutton" time="0.116" classname="com.kayak.testpages.CarsPageTest"/>
  <testcase name="testwhereTextBox" time="0.199" classname="com.kayak.testpages.CarsPageTest"/>
  <testcase name="testpickUpTime" time="0.403" classname="com.kayak.testpages.CarsPageTest"/>
  <testcase name="testpickUp" time="0.458" classname="com.kayak.testpages.CarsPageTest"/>
</testsuite> <!-- com.kayak.testpages.CarsPageTest -->
