<?xml version="1.0" encoding="UTF-8"?>
<!-- Generated by org.testng.reporters.JUnitReportReporter -->
<testsuite name="com.kayak.testpages.CommonPageTest" tests="3" time="1.326" ignored="0" failures="0" timestamp="24 Feb 2017 07:04:51 GMT" skipped="0" hostname="Divya-Gupta" errors="0">
  <testcase name="testkayakLogo" time="0.223" classname="com.kayak.testpages.CommonPageTest"/>
  <testcase name="testmoreOptions" time="0.586" classname="com.kayak.testpages.CommonPageTest"/>
  <testcase name="testKayakOptions" time="0.517" classname="com.kayak.testpages.CommonPageTest"/>
</testsuite> <!-- com.kayak.testpages.CommonPageTest -->
