<?xml version="1.0" encoding="UTF-8"?>
<!-- Generated by org.testng.reporters.JUnitReportReporter -->
<testsuite name="com.div.TestPage.HomePageTest" tests="2" time="11.822" ignored="0" failures="0" timestamp="24 Jan 2017 08:24:35 GMT" skipped="0" hostname="Divya-Gupta" errors="0">
  <testcase name="testHeaderNav" time="0.091" classname="com.div.TestPage.HomePageTest"/>
  <testcase name="testSearchbox" time="11.731" classname="com.div.TestPage.HomePageTest"/>
</testsuite> <!-- com.div.TestPage.HomePageTest -->
