<?xml version="1.0" encoding="UTF-8"?>
<!-- Generated by org.testng.reporters.JUnitReportReporter -->
<testsuite name="com.kayak.testpages.HomePageTest" tests="6" time="3.740" ignored="0" failures="0" timestamp="24 Feb 2017 07:00:29 GMT" skipped="0" hostname="Divya-Gupta" errors="0">
  <testcase name="testCheckIn" time="0.941" classname="com.kayak.testpages.HomePageTest"/>
  <testcase name="testcheckRoomGuest" time="0.575" classname="com.kayak.testpages.HomePageTest"/>
  <testcase name="testWhere" time="0.178" classname="com.kayak.testpages.HomePageTest"/>
  <testcase name="testsearchbutton" time="1.254" classname="com.kayak.testpages.HomePageTest"/>
  <testcase name="testHomePageLogo" time="0.244" classname="com.kayak.testpages.HomePageTest"/>
  <testcase name="testCheckOut" time="0.548" classname="com.kayak.testpages.HomePageTest"/>
</testsuite> <!-- com.kayak.testpages.HomePageTest -->
