<?xml version="1.0" encoding="UTF-8"?>
<!-- Generated by org.testng.reporters.JUnitReportReporter -->
<testsuite name="com.kayak.testpages.PackagesPageTest" tests="7" time="7.351" ignored="0" failures="0" timestamp="24 Feb 2017 07:00:29 GMT" skipped="0" hostname="Divya-Gupta" errors="0">
  <testcase name="testdepartDate" time="5.211" classname="com.kayak.testpages.PackagesPageTest"/>
  <testcase name="testpackagePageLogo" time="0.154" classname="com.kayak.testpages.PackagesPageTest"/>
  <testcase name="testtravelers" time="0.530" classname="com.kayak.testpages.PackagesPageTest"/>
  <testcase name="testsearchbutton" time="0.806" classname="com.kayak.testpages.PackagesPageTest"/>
  <testcase name="testdestinationTextBox" time="0.088" classname="com.kayak.testpages.PackagesPageTest"/>
  <testcase name="testfromTextBox" time="0.125" classname="com.kayak.testpages.PackagesPageTest"/>
  <testcase name="testreturnDate" time="0.437" classname="com.kayak.testpages.PackagesPageTest"/>
</testsuite> <!-- com.kayak.testpages.PackagesPageTest -->
