<?xml version="1.0" encoding="UTF-8"?>
<!-- Generated by org.testng.reporters.JUnitReportReporter -->
<testsuite name="com.kayak.testpages.CommonPageTest" tests="3" time="1.107" ignored="0" failures="0" timestamp="24 Feb 2017 07:00:29 GMT" skipped="0" hostname="Divya-Gupta" errors="0">
  <testcase name="testmoreOptions" time="0.545" classname="com.kayak.testpages.CommonPageTest"/>
  <testcase name="testKayakOptions" time="0.425" classname="com.kayak.testpages.CommonPageTest"/>
  <testcase name="testkayakLogo" time="0.137" classname="com.kayak.testpages.CommonPageTest"/>
</testsuite> <!-- com.kayak.testpages.CommonPageTest -->
