<?xml version="1.0" encoding="UTF-8"?>
<!-- Generated by org.testng.reporters.JUnitReportReporter -->
<testsuite name="com.kayak.testpages.LoginPageTest" tests="5" time="4.886" ignored="0" failures="0" timestamp="24 Feb 2017 07:00:29 GMT" skipped="0" hostname="Divya-Gupta" errors="0">
  <testcase name="testKayakLogin" time="0.000" classname="com.kayak.testpages.LoginPageTest"/>
  <testcase name="testKayakLogin" time="0.000" classname="com.kayak.testpages.LoginPageTest"/>
  <testcase name="testfbORgooglelogin" time="4.886" classname="com.kayak.testpages.LoginPageTest"/>
  <testcase name="testKayakLogin" time="0.000" classname="com.kayak.testpages.LoginPageTest"/>
  <testcase name="testKayakLogin" time="0.000" classname="com.kayak.testpages.LoginPageTest"/>
</testsuite> <!-- com.kayak.testpages.LoginPageTest -->
