<?xml version="1.0" encoding="UTF-8"?>
<!-- Generated by org.testng.reporters.JUnitReportReporter -->
<testsuite name="com.kayak.testpages.CarsPageTest" tests="7" time="2.840" ignored="0" failures="0" timestamp="24 Feb 2017 07:00:29 GMT" skipped="0" hostname="Divya-Gupta" errors="0">
  <testcase name="testcarPageLogo" time="0.365" classname="com.kayak.testpages.CarsPageTest"/>
  <testcase name="testdropOffTime" time="0.730" classname="com.kayak.testpages.CarsPageTest"/>
  <testcase name="testdropOff" time="0.636" classname="com.kayak.testpages.CarsPageTest"/>
  <testcase name="testpickUpTime" time="0.432" classname="com.kayak.testpages.CarsPageTest"/>
  <testcase name="testpickUp" time="0.419" classname="com.kayak.testpages.CarsPageTest"/>
  <testcase name="testsearchbutton" time="0.139" classname="com.kayak.testpages.CarsPageTest"/>
  <testcase name="testwhereTextBox" time="0.119" classname="com.kayak.testpages.CarsPageTest"/>
</testsuite> <!-- com.kayak.testpages.CarsPageTest -->
