<?xml version="1.0" encoding="UTF-8"?>
<testsuite xmlns:xsi="http://www.w3.org/2001/XMLSchema-instance" xsi:schemaLocation="https://maven.apache.org/surefire/maven-surefire-plugin/xsd/surefire-test-report.xsd" name="TestSuite" time="110.857" tests="28" errors="0" skipped="0" failures="0">
  <properties>
    <property name="java.runtime.name" value="Java(TM) SE Runtime Environment"/>
    <property name="sun.boot.library.path" value="C:\Program Files\Java\jdk1.8.0_111\jre\bin"/>
    <property name="java.vm.version" value="25.111-b14"/>
    <property name="java.vm.vendor" value="Oracle Corporation"/>
    <property name="maven.multiModuleProjectDirectory" value="C:\Users\Divya\workspace\kayakAutomation"/>
    <property name="java.vendor.url" value="http://java.oracle.com/"/>
    <property name="path.separator" value=";"/>
    <property name="guice.disable.misplaced.annotation.check" value="true"/>
    <property name="java.vm.name" value="Java HotSpot(TM) 64-Bit Server VM"/>
    <property name="file.encoding.pkg" value="sun.io"/>
    <property name="user.script" value=""/>
    <property name="user.country" value="US"/>
    <property name="sun.java.launcher" value="SUN_STANDARD"/>
    <property name="sun.os.patch.level" value="Service Pack 1"/>
    <property name="java.vm.specification.name" value="Java Virtual Machine Specification"/>
    <property name="user.dir" value="C:\Users\Divya\workspace\kayakAutomation"/>
    <property name="java.runtime.version" value="1.8.0_111-b14"/>
    <property name="java.awt.graphicsenv" value="sun.awt.Win32GraphicsEnvironment"/>
    <property name="java.endorsed.dirs" value="C:\Program Files\Java\jdk1.8.0_111\jre\lib\endorsed"/>
    <property name="os.arch" value="amd64"/>
    <property name="java.io.tmpdir" value="C:\Users\Divya\AppData\Local\Temp\"/>
    <property name="line.separator" value="&#10;"/>
    <property name="java.vm.specification.vendor" value="Oracle Corporation"/>
    <property name="user.variant" value=""/>
    <property name="os.name" value="Windows 7"/>
    <property name="classworlds.conf" value="C:\Users\Divya\workspace\.metadata\.plugins\org.eclipse.m2e.launching\launches\m2conf83960881621205186.tmp"/>
    <property name="sun.jnu.encoding" value="Cp1252"/>
    <property name="java.library.path" value="C:\Program Files\Java\jdk1.8.0_111\bin;C:\Windows\Sun\Java\bin;C:\Windows\system32;C:\Windows;C:/Program Files/Java/jdk1.8.0_111/bin/../jre/bin/server;C:/Program Files/Java/jdk1.8.0_111/bin/../jre/bin;C:/Program Files/Java/jdk1.8.0_111/bin/../jre/lib/amd64;C:\Program Files\Java\jdk1.8.0_111\bin;C:\Program Files\Common Files\Microsoft Shared\Windows Live;C:\Program Files (x86)\Common Files\Microsoft Shared\Windows Live;C:\Program Files (x86)\Intel\iCLS Client\;C:\Program Files\Intel\iCLS Client\;C:\Windows\system32;C:\Windows;C:\Windows\System32\Wbem;C:\Windows\System32\WindowsPowerShell\v1.0\;C:\Program Files (x86)\Intel\OpenCL SDK\2.0\bin\x86;C:\Program Files (x86)\Intel\OpenCL SDK\2.0\bin\x64;C:\Program Files\Intel\Intel(R) Management Engine Components\DAL;C:\Program Files\Intel\Intel(R) Management Engine Components\IPT;C:\Program Files (x86)\Intel\Intel(R) Management Engine Components\DAL;C:\Program Files (x86)\Intel\Intel(R) Management Engine Components\IPT;C:\Program Files\Intel\WiFi\bin\;C:\Program Files\Common Files\Intel\WirelessCommon\;C:\Program Files\Sony\VAIO Improvement\;C:\Program Files (x86)\Sony\VAIO Startup Setting Tool;C:\Program Files (x86)\Windows Live\Shared;C:\Program Files\MongoDB\Server\3.2\bin;C:\Program Files (x86)\Skype\Phone\;C:\Users\Divya\Downloads\apache-maven-3.3.9-bin\apache-maven-3.3.9\bin;%ANDROID_HOME%\tools;%ANDROID_HOME%\platform-tools;C:\Windows\system32;;."/>
    <property name="java.specification.name" value="Java Platform API Specification"/>
    <property name="java.class.version" value="52.0"/>
    <property name="sun.management.compiler" value="HotSpot 64-Bit Tiered Compilers"/>
    <property name="os.version" value="6.1"/>
    <property name="user.home" value="C:\Users\Divya"/>
    <property name="user.timezone" value="America/Los_Angeles"/>
    <property name="java.awt.printerjob" value="sun.awt.windows.WPrinterJob"/>
    <property name="java.specification.version" value="1.8"/>
    <property name="file.encoding" value="Cp1252"/>
    <property name="user.name" value="Divya"/>
    <property name="java.class.path" value="/C:/Users/Divya/eclipse/jee-neon/eclipse/../../../.p2/pool/plugins/org.eclipse.m2e.maven.runtime_1.7.0.20160603-1931/jars/plexus-classworlds-2.5.2.jar"/>
    <property name="java.vm.specification.version" value="1.8"/>
    <property name="sun.arch.data.model" value="64"/>
    <property name="java.home" value="C:\Program Files\Java\jdk1.8.0_111\jre"/>
    <property name="sun.java.command" value="org.codehaus.plexus.classworlds.launcher.Launcher -B install"/>
    <property name="java.specification.vendor" value="Oracle Corporation"/>
    <property name="user.language" value="en"/>
    <property name="awt.toolkit" value="sun.awt.windows.WToolkit"/>
    <property name="java.vm.info" value="mixed mode"/>
    <property name="java.version" value="1.8.0_111"/>
    <property name="java.ext.dirs" value="C:\Program Files\Java\jdk1.8.0_111\jre\lib\ext;C:\Windows\Sun\Java\lib\ext"/>
    <property name="sun.boot.class.path" value="C:\Program Files\Java\jdk1.8.0_111\jre\lib\resources.jar;C:\Program Files\Java\jdk1.8.0_111\jre\lib\rt.jar;C:\Program Files\Java\jdk1.8.0_111\jre\lib\sunrsasign.jar;C:\Program Files\Java\jdk1.8.0_111\jre\lib\jsse.jar;C:\Program Files\Java\jdk1.8.0_111\jre\lib\jce.jar;C:\Program Files\Java\jdk1.8.0_111\jre\lib\charsets.jar;C:\Program Files\Java\jdk1.8.0_111\jre\lib\jfr.jar;C:\Program Files\Java\jdk1.8.0_111\jre\classes"/>
    <property name="java.vendor" value="Oracle Corporation"/>
    <property name="maven.home" value="C:\Users\Divya\workspace\kayakAutomation\EMBEDDED"/>
    <property name="file.separator" value="\"/>
    <property name="java.vendor.url.bug" value="http://bugreport.sun.com/bugreport/"/>
    <property name="sun.cpu.endian" value="little"/>
    <property name="sun.io.unicode.encoding" value="UnicodeLittle"/>
    <property name="sun.desktop" value="windows"/>
    <property name="sun.cpu.isalist" value="amd64"/>
  </properties>
  <testcase name="testKayakOptions" classname="com.kayak.testpages.CommonPageTest" time="0.427"/>
  <testcase name="testkayakLogo" classname="com.kayak.testpages.CommonPageTest" time="0.131"/>
  <testcase name="testmoreOptions" classname="com.kayak.testpages.CommonPageTest" time="0.546"/>
  <testcase name="testCheckIn" classname="com.kayak.testpages.HomePageTest" time="0.94"/>
  <testcase name="testCheckOut" classname="com.kayak.testpages.HomePageTest" time="0.553"/>
  <testcase name="testHomePageLogo" classname="com.kayak.testpages.HomePageTest" time="0.24"/>
  <testcase name="testWhere" classname="com.kayak.testpages.HomePageTest" time="0.173"/>
  <testcase name="testcheckRoomGuest" classname="com.kayak.testpages.HomePageTest" time="0.571"/>
  <testcase name="testsearchbutton" classname="com.kayak.testpages.HomePageTest" time="1.255"/>
  <testcase name="testfbORgooglelogin" classname="com.kayak.testpages.LoginPageTest" time="4.88"/>
  <testcase name="testKayakLogin" classname="com.kayak.testpages.LoginPageTest" time="0.001"/>
  <testcase name="testKayakLogin" classname="com.kayak.testpages.LoginPageTest" time="0.001"/>
  <testcase name="testKayakLogin" classname="com.kayak.testpages.LoginPageTest" time="0"/>
  <testcase name="testKayakLogin" classname="com.kayak.testpages.LoginPageTest" time="0"/>
  <testcase name="testcarPageLogo" classname="com.kayak.testpages.CarsPageTest" time="0.365"/>
  <testcase name="testdropOff" classname="com.kayak.testpages.CarsPageTest" time="0.633"/>
  <testcase name="testdropOffTime" classname="com.kayak.testpages.CarsPageTest" time="0.729"/>
  <testcase name="testpickUp" classname="com.kayak.testpages.CarsPageTest" time="0.419"/>
  <testcase name="testpickUpTime" classname="com.kayak.testpages.CarsPageTest" time="0.486"/>
  <testcase name="testsearchbutton" classname="com.kayak.testpages.CarsPageTest" time="0.09"/>
  <testcase name="testwhereTextBox" classname="com.kayak.testpages.CarsPageTest" time="0.118"/>
  <testcase name="testdepartDate" classname="com.kayak.testpages.PackagesPageTest" time="5.21"/>
  <testcase name="testdestinationTextBox" classname="com.kayak.testpages.PackagesPageTest" time="0.087"/>
  <testcase name="testfromTextBox" classname="com.kayak.testpages.PackagesPageTest" time="0.136"/>
  <testcase name="testpackagePageLogo" classname="com.kayak.testpages.PackagesPageTest" time="0.142"/>
  <testcase name="testreturnDate" classname="com.kayak.testpages.PackagesPageTest" time="0.437"/>
  <testcase name="testtravelers" classname="com.kayak.testpages.PackagesPageTest" time="0.53"/>
  <testcase name="testsearchbutton" classname="com.kayak.testpages.PackagesPageTest" time="0.823"/>
</testsuite>